C:\USERS\DANIAL\DOWNLOADS\HANGMAN\HANGMAN\DEBUG\BGI.EXE
C:\USERS\DANIAL\DOWNLOADS\HANGMAN\HANGMAN\DEBUG\BGI.EXE.INTERMEDIATE.MANIFEST
C:\USERS\DANIAL\DOWNLOADS\HANGMAN\HANGMAN\DEBUG\BGI.ILK
C:\USERS\DANIAL\DOWNLOADS\HANGMAN\HANGMAN\DEBUG\BGI.PDB
C:\Users\danial\Downloads\HangMan\HangMan\Debug\bgi.write.1.tlog
C:\USERS\DANIAL\DOWNLOADS\HANGMAN\HANGMAN\DEBUG\BGIOUT.OBJ
C:\Users\danial\Downloads\HangMan\HangMan\Debug\cl.command.1.tlog
C:\Users\danial\Downloads\HangMan\HangMan\Debug\CL.read.1.tlog
C:\Users\danial\Downloads\HangMan\HangMan\Debug\CL.write.1.tlog
C:\USERS\DANIAL\DOWNLOADS\HANGMAN\HANGMAN\DEBUG\DIBUTIL.OBJ
C:\USERS\DANIAL\DOWNLOADS\HANGMAN\HANGMAN\DEBUG\DRAWING.OBJ
C:\USERS\DANIAL\DOWNLOADS\HANGMAN\HANGMAN\DEBUG\FILE.OBJ
C:\Users\danial\Downloads\HangMan\HangMan\Debug\link.command.1.tlog
C:\Users\danial\Downloads\HangMan\HangMan\Debug\link.read.1.tlog
C:\Users\danial\Downloads\HangMan\HangMan\Debug\link.write.1.tlog
C:\USERS\DANIAL\DOWNLOADS\HANGMAN\HANGMAN\DEBUG\MAIN.OBJ
C:\USERS\DANIAL\DOWNLOADS\HANGMAN\HANGMAN\DEBUG\MISC.OBJ
C:\USERS\DANIAL\DOWNLOADS\HANGMAN\HANGMAN\DEBUG\MOUSE.OBJ
C:\Users\danial\Downloads\HangMan\HangMan\Debug\mt.command.1.tlog
C:\Users\danial\Downloads\HangMan\HangMan\Debug\mt.read.1.tlog
C:\Users\danial\Downloads\HangMan\HangMan\Debug\mt.write.1.tlog
C:\USERS\DANIAL\DOWNLOADS\HANGMAN\HANGMAN\DEBUG\PALETTE.OBJ
C:\USERS\DANIAL\DOWNLOADS\HANGMAN\HANGMAN\DEBUG\TEXT.OBJ
C:\Users\danial\Downloads\HangMan\HangMan\Debug\vc100.idb
C:\USERS\DANIAL\DOWNLOADS\HANGMAN\HANGMAN\DEBUG\VC100.PDB
C:\USERS\DANIAL\DOWNLOADS\HANGMAN\HANGMAN\DEBUG\WINBGI.OBJ
C:\USERS\DANIAL\DOWNLOADS\HANGMAN\HANGMAN\DEBUG\WINTHREAD.OBJ
